<?xml version="1.0" encoding="UTF-8"?>
<!-- Generated by org.testng.reporters.JUnitXMLReporter -->
<testsuite hostname="Vichu-PC" ignored="0" name="Regression" tests="7" failures="0" timestamp="23 Jun 2018 11:05:15 GMT" time="19.637" errors="0">
  <testcase name="gotoNewCustomerScreen" time="2.161" classname="com.customer.filterscreens.CustomerFilterScreen"/>
  <testcase name="gotoNewCustomerScreen" time="3.149" classname="com.customer.newscreens.NewCustomerScreens"/>
  <testcase name="newUserReg" time="2.89" classname="com.customer.newscreens.NewCustomerScreens"/>
  <testcase name="filterTest" time="4.214" classname="com.customer.filterscreens.CustomerFilterScreen"/>
  <testcase name="verifyReg" time="0.141" classname="com.customer.newscreens.NewCustomerScreens"/>
  <testcase name="filterResultTest" time="6.791" classname="com.customer.filterscreens.CustomerFilterScreen"/>
  <testcase name="verifyCustomer" time="0.255" classname="com.customer.newscreens.NewCustomerScreens"/>
</testsuite> <!-- Regression -->
