<?xml version="1.0" encoding="UTF-8"?>
<!-- Generated by org.testng.reporters.JUnitXMLReporter -->
<testsuite hostname="Vichu-PC" ignored="0" name="Default test" tests="3" failures="0" timestamp="23 Jun 2018 10:53:18 GMT" time="12.558" errors="0">
  <testcase name="gotoNewCustomerScreen" time="2.19" classname="com.customer.filterscreens.CustomerFilterScreen"/>
  <testcase name="filterTest" time="4.03" classname="com.customer.filterscreens.CustomerFilterScreen"/>
  <testcase name="filterResultTest" time="6.237" classname="com.customer.filterscreens.CustomerFilterScreen"/>
</testsuite> <!-- Default test -->
