<?xml version="1.0" encoding="UTF-8"?>
<!-- Generated by org.testng.reporters.JUnitXMLReporter -->
<testsuite hostname="Vichu-PC" ignored="0" name="CutomerFilter" tests="3" failures="0" timestamp="23 Jun 2018 11:08:13 GMT" time="13.778" errors="0">
  <testcase name="gotoNewCustomerScreen" time="2.349" classname="com.customer.filterscreens.CustomerFilterScreen"/>
  <testcase name="filterTest" time="4.745" classname="com.customer.filterscreens.CustomerFilterScreen"/>
  <testcase name="filterResultTest" time="6.67" classname="com.customer.filterscreens.CustomerFilterScreen"/>
</testsuite> <!-- CutomerFilter -->
