<?xml version="1.0" encoding="UTF-8"?>
<!-- Generated by org.testng.reporters.JUnitXMLReporter -->
<testsuite hostname="Vichu-PC" ignored="0" name="TestingCutomerFilter" tests="3" failures="0" timestamp="23 Jun 2018 11:10:41 GMT" time="13.527" errors="0">
  <testcase name="gotoNewCustomerScreen" time="2.3" classname="com.customer.filterscreens.CustomerFilterScreen"/>
  <testcase name="filterTest" time="4.4" classname="com.customer.filterscreens.CustomerFilterScreen"/>
  <testcase name="filterResultTest" time="6.815" classname="com.customer.filterscreens.CustomerFilterScreen"/>
</testsuite> <!-- TestingCutomerFilter -->
