<?xml version="1.0" encoding="UTF-8"?>
<!-- Generated by org.testng.reporters.JUnitXMLReporter -->
<testsuite hostname="Vichu-PC" ignored="0" name="TestNewCust" tests="4" failures="0" timestamp="23 Jun 2018 08:12:35 GMT" time="17.072" errors="0">
  <testcase name="gotoNewCustomerScreen" time="10.505" classname="com.customer.newscreens.NewCustomerScreens"/>
  <testcase name="newUserReg" time="6.099" classname="com.customer.newscreens.NewCustomerScreens"/>
  <testcase name="verifyReg" time="0.13" classname="com.customer.newscreens.NewCustomerScreens"/>
  <testcase name="verifyCustomer" time="0.256" classname="com.customer.newscreens.NewCustomerScreens"/>
</testsuite> <!-- TestNewCust -->
